[02-Mar-2025 06:19:35 Europe/Berlin] ❌ Missing input data in update_service.php
[02-Mar-2025 06:19:35 Europe/Berlin] ✅ Running SQL Update: service_id=1, price=100, description=papa natin
[02-Mar-2025 06:19:35 Europe/Berlin] ✅ Service updated successfully!
[02-Mar-2025 07:57:53 Europe/Berlin] ❌ Missing input data in update_service.php
[02-Mar-2025 07:57:53 Europe/Berlin] ✅ Running SQL Update: service_id=36, price=8000, description=Quality Teeth Brushing
[02-Mar-2025 07:57:53 Europe/Berlin] ✅ Service updated successfully!
[02-Mar-2025 07:58:03 Europe/Berlin] ❌ Missing input data in update_service.php
[02-Mar-2025 07:58:03 Europe/Berlin] ✅ Running SQL Update: service_id=36, price=765, description=Quality Teeth Brushing
[02-Mar-2025 07:58:03 Europe/Berlin] ✅ Service updated successfully!
[02-Mar-2025 08:04:24 Europe/Berlin] ❌ Missing input data in update_service.php
[02-Mar-2025 08:04:24 Europe/Berlin] ✅ Running SQL Update: service_id=40, price=6000, description=Ligo Ligo
[02-Mar-2025 08:04:24 Europe/Berlin] ✅ Service updated successfully!
[02-Mar-2025 10:09:14 Europe/Berlin] ❌ Missing input data in update_service.php
[02-Mar-2025 10:09:14 Europe/Berlin] ✅ Running SQL Update: service_id=52, price=444, description=321
[02-Mar-2025 10:09:14 Europe/Berlin] ✅ Service updated successfully!
[02-Mar-2025 12:23:00 Europe/Berlin] ❌ Missing input data in update_service.php
[02-Mar-2025 12:23:00 Europe/Berlin] ✅ Running SQL Update: service_id=50, price=3210, description=321
[02-Mar-2025 12:23:00 Europe/Berlin] ✅ Service updated successfully!
[02-Mar-2025 12:52:53 Europe/Berlin] ❌ Missing input data in update_service.php
[02-Mar-2025 12:52:53 Europe/Berlin] ✅ Running SQL Update: service_id=58, price=400, description=grouming depende sa klase
[02-Mar-2025 12:52:53 Europe/Berlin] ✅ Service updated successfully!
[02-Mar-2025 12:54:44 Europe/Berlin] ❌ Missing input data in update_service.php
[02-Mar-2025 12:54:44 Europe/Berlin] ✅ Running SQL Update: service_id=58, price=400, description=Abracadabra morta ugaga Abracadabra morta ugaga Abracadabra morta ugaga Abracadabra morta ugaga Abracadabra morta ugaga Abracadabra morta ugaga Abracadabra morta ugaga Abracadabra morta ugaga Abracadabra morta ugaga Abracadabra morta ugaga Abracadabra morta ugaga Abracadabra morta ugaga Abracadabra morta ugaga Abracadabra morta ugaga
[02-Mar-2025 12:54:44 Europe/Berlin] ✅ Service updated successfully!
[02-Mar-2025 12:55:18 Europe/Berlin] ❌ Missing input data in update_service.php
[02-Mar-2025 12:55:18 Europe/Berlin] ✅ Running SQL Update: service_id=58, price=400, description=e
[02-Mar-2025 12:55:18 Europe/Berlin] ✅ Service updated successfully!
[06-Mar-2025 05:41:01 Europe/Berlin] ❌ Missing input data in update_service.php
[06-Mar-2025 05:41:01 Europe/Berlin] ✅ Running SQL Update: service_id=54, price=5000, description=qfkewfebfqljbwfiqwvfbqwndikqw qfkewfebfqljbwfiqwvfbqwndikqw qfkewfebfqljbwfiqwvfbqwndikqw qfkewfebfqljbwfiqwvfbqwndikqw
[06-Mar-2025 05:41:01 Europe/Berlin] ✅ Service updated successfully!
[06-Mar-2025 05:41:41 Europe/Berlin] ❌ Missing input data in update_service.php
[06-Mar-2025 05:41:41 Europe/Berlin] ✅ Running SQL Update: service_id=54, price=5000, description=jbwfiqwvfbqwndikqw
[06-Mar-2025 05:41:41 Europe/Berlin] ✅ Service updated successfully!
[06-Mar-2025 05:57:19 Europe/Berlin] ❌ Missing input data in update_service.php
[06-Mar-2025 05:57:19 Europe/Berlin] ✅ Running SQL Update: service_id=54, price=5000, description=jbwfiqwvfbqwndikqwjbwfiqwvfbqwndikqwjbwfiqwvfbqwndikqwjbwfiqwvfbqwndikqwjbwfiqwvfbqwndikqwjbwfiqwvfbqwndikqwjbwfiqwvfbqwndikqwjbwfiqwvfbqwndikqwjbwfiqwvfbqwndikqwjbwfiqwvfbqwndikqwjbwfiqwvfbqwndikqw
[06-Mar-2025 05:57:19 Europe/Berlin] ✅ Service updated successfully!
[06-Mar-2025 05:57:40 Europe/Berlin] ❌ Missing input data in update_service.php
[06-Mar-2025 05:57:40 Europe/Berlin] ✅ Running SQL Update: service_id=54, price=5000, description=jbwfiqwvfbqwndikqwjbwfiqwvfbqwndikqwjbwfiqwvfbqwndikqwjbwfiqwvfbqwndik
[06-Mar-2025 05:57:40 Europe/Berlin] ✅ Service updated successfully!
[06-Mar-2025 05:59:46 Europe/Berlin] ❌ Missing input data in update_service.php
[06-Mar-2025 05:59:46 Europe/Berlin] ✅ Running SQL Update: service_id=52, price=444, description=jbwfiqwvfbqwndikqwjbwfiqwvfbqwndikqwjbwfiqwvfbqwndikqwjbwfiqwvfbqwndik
[06-Mar-2025 05:59:46 Europe/Berlin] ✅ Service updated successfully!
[06-Mar-2025 05:59:55 Europe/Berlin] ❌ Missing input data in update_service.php
[06-Mar-2025 05:59:55 Europe/Berlin] ✅ Running SQL Update: service_id=54, price=500, description=jbwfiqwvfbqwndikqwjbwfiqwvfbqwndikqwjbwfiqwvfbqwndikqwjbwfiqwvfbqwndik
[06-Mar-2025 05:59:55 Europe/Berlin] ✅ Service updated successfully!
[06-Mar-2025 09:47:28 Europe/Berlin] ❌ Missing input data in update_service.php
[06-Mar-2025 09:47:28 Europe/Berlin] ✅ Running SQL Update: service_id=50, price=321, description=Give your pet a gentle, refreshing wash that leaves their coat clean, soft, and smelling great.
[06-Mar-2025 09:47:28 Europe/Berlin] ✅ Service updated successfully!
[06-Mar-2025 09:47:59 Europe/Berlin] ❌ Missing input data in update_service.php
[06-Mar-2025 09:47:59 Europe/Berlin] ✅ Running SQL Update: service_id=54, price=500, description=Protect your furry friend from pesky parasites with a targeted treatment that helps remove and prevent infestations.
[06-Mar-2025 09:47:59 Europe/Berlin] ✅ Service updated successfully!
[06-Mar-2025 09:48:20 Europe/Berlin] ❌ Missing input data in update_service.php
[06-Mar-2025 09:48:20 Europe/Berlin] ✅ Running SQL Update: service_id=56, price=2, description=Keep your pet’s coat healthy and tangle-free while reducing shedding through regular brushing sessions.
[06-Mar-2025 09:48:20 Europe/Berlin] ✅ Service updated successfully!
[06-Mar-2025 09:48:41 Europe/Berlin] ❌ Missing input data in update_service.php
[06-Mar-2025 09:48:41 Europe/Berlin] ✅ Running SQL Update: service_id=58, price=22, description=Maintain your pet’s paw health and comfort with careful nail clipping to prevent overgrowth and cracking.
[06-Mar-2025 09:48:41 Europe/Berlin] ✅ Service updated successfully!
[06-Mar-2025 09:49:10 Europe/Berlin] ❌ Missing input data in update_service.php
[06-Mar-2025 09:49:10 Europe/Berlin] ✅ Running SQL Update: service_id=52, price=444, description=Ensure your pet’s overall well-being with a thorough veterinary check-up to catch any issues early and keep them healthy.
[06-Mar-2025 09:49:10 Europe/Berlin] ✅ Service updated successfully!
